<?xml version="1.0" encoding="UTF-8"?>
<!-- Generated by org.testng.reporters.JUnitXMLReporter -->
<testsuite ignored="0" hostname="DESKTOP-UNVGE05" failures="0" tests="4" name="Test_Suite" time="11.2" errors="0" timestamp="22 Jul. 2023 19:55:46 GMT">
  <testcase classname="com.newtours.tests.BookFlightTest" name="TC01_RegistrationPageTest" time="8.015"/>
  <testcase classname="com.newtours.tests.BookFlightTest" name="TC02_RegistrationConfirmationPage" time="0.098"/>
  <testcase classname="com.newtours.tests.BookFlightTest" name="TC03_FlightDetailsPage" time="1.65"/>
  <testcase classname="com.newtours.tests.BookFlightTest" name="TC04_printConfirmation" time="0.25"/>
</testsuite> <!-- Test_Suite -->
