<?xml version="1.0" encoding="UTF-8"?>
<!-- Generated by org.testng.reporters.JUnitXMLReporter -->
<testsuite ignored="0" hostname="DESKTOP-UNVGE05" failures="0" tests="4" name="Default test" time="0.027" errors="0" timestamp="24 Jul. 2023 00:39:42 GMT">
  <testcase classname="tests.BaseTest" name="@BeforeTest setupDriver" time="0.005">
    <failure type="java.lang.Error" message="Unresolved compilation problem: 
	The local variable dc may not have been initialized
">
      <![CDATA[java.lang.Error: Unresolved compilation problem: 
The local variable dc may not have been initialized

at tests.BaseTest.setupDriver(BaseTest.java:46)
at java.base/jdk.internal.reflect.NativeMethodAccessorImpl.invoke0(Native Method)
at java.base/jdk.internal.reflect.NativeMethodAccessorImpl.invoke(NativeMethodAccessorImpl.java:62)
at java.base/jdk.internal.reflect.DelegatingMethodAccessorImpl.invoke(DelegatingMethodAccessorImpl.java:43)
at java.base/java.lang.reflect.Method.invoke(Method.java:566)
at org.testng.internal.MethodInvocationHelper.invokeMethod(MethodInvocationHelper.java:124)
at org.testng.internal.MethodInvocationHelper.invokeMethodConsideringTimeout(MethodInvocationHelper.java:59)
at org.testng.internal.Invoker.invokeConfigurationMethod(Invoker.java:458)
at org.testng.internal.Invoker.invokeConfigurations(Invoker.java:222)
at org.testng.internal.Invoker.invokeConfigurations(Invoker.java:142)
at org.testng.TestRunner.beforeRun(TestRunner.java:529)
at org.testng.TestRunner.run(TestRunner.java:497)
at org.testng.SuiteRunner.runTest(SuiteRunner.java:455)
at org.testng.SuiteRunner.runSequentially(SuiteRunner.java:450)
at org.testng.SuiteRunner.privateRun(SuiteRunner.java:415)
at org.testng.SuiteRunner.run(SuiteRunner.java:364)
at org.testng.SuiteRunnerWorker.runSuite(SuiteRunnerWorker.java:52)
at org.testng.SuiteRunnerWorker.run(SuiteRunnerWorker.java:84)
at org.testng.TestNG.runSuitesSequentially(TestNG.java:1208)
at org.testng.TestNG.runSuitesLocally(TestNG.java:1137)
at org.testng.TestNG.runSuites(TestNG.java:1049)
at org.testng.TestNG.run(TestNG.java:1017)
at org.testng.remote.AbstractRemoteTestNG.run(AbstractRemoteTestNG.java:115)
at org.testng.remote.RemoteTestNG.initAndRun(RemoteTestNG.java:251)
at org.testng.remote.RemoteTestNG.main(RemoteTestNG.java:77)
]]>
    </failure>
  </testcase> <!-- @BeforeTest setupDriver -->
  <testcase classname="com.newtours.tests.BookFlightTest" name="@BeforeTest setupParameter" time="0.0">
    <skipped/>
  </testcase> <!-- @BeforeTest setupParameter -->
  <testcase classname="tests.BaseTest" name="@AfterTest teardown" time="0.0">
    <skipped/>
  </testcase> <!-- @AfterTest teardown -->
  <testcase classname="com.newtours.tests.BookFlightTest" name="TC01_RegistrationPageTest" time="0.0">
    <skipped/>
  </testcase> <!-- TC01_RegistrationPageTest -->
  <testcase classname="com.newtours.tests.BookFlightTest" name="TC02_RegistrationConfirmationPage" time="0.0">
    <skipped/>
  </testcase> <!-- TC02_RegistrationConfirmationPage -->
  <testcase classname="com.newtours.tests.BookFlightTest" name="TC03_FlightDetailsPage" time="0.0">
    <skipped/>
  </testcase> <!-- TC03_FlightDetailsPage -->
  <testcase classname="com.newtours.tests.BookFlightTest" name="TC04_printConfirmation" time="0.0">
    <skipped/>
  </testcase> <!-- TC04_printConfirmation -->
</testsuite> <!-- Default test -->
